[2026-05-20 09:41:27.213] [jointLog] [info] setting maxHashResizeThreads to 4
[2026-05-20 09:41:27.213] [jointLog] [info] Fragment incompatibility prior below threshold.  Incompatible fragments will be ignored.
[2026-05-20 09:41:27.214] [jointLog] [info] Usage of --validateMappings implies use of minScoreFraction. Since not explicitly specified, it is being set to 0.65
[2026-05-20 09:41:27.214] [jointLog] [info] Setting consensusSlack to selective-alignment default of 0.35.
[2026-05-20 09:41:27.214] [jointLog] [info] parsing read library format
[2026-05-20 09:41:27.214] [jointLog] [info] There is 1 library.
[2026-05-20 09:41:27.224] [jointLog] [info] Loading pufferfish index
[2026-05-20 09:41:27.225] [jointLog] [info] Loading dense pufferfish index.
[2026-05-20 09:41:27.284] [jointLog] [info] done
[2026-05-20 09:41:29.338] [jointLog] [info] Index contained 679 targets
[2026-05-20 09:41:29.338] [jointLog] [info] Number of decoys : 0
[2026-05-20 09:41:29.660] [jointLog] [info] Computed 502 rich equivalence classes for further processing
[2026-05-20 09:41:29.660] [jointLog] [info] Counted 1,320 total reads in the equivalence classes 
[2026-05-20 09:41:29.666] [jointLog] [info] Number of mappings discarded because of alignment score : 75
[2026-05-20 09:41:29.667] [jointLog] [info] Number of fragments entirely discarded because of alignment score : 0
[2026-05-20 09:41:29.667] [jointLog] [info] Number of fragments discarded because they are best-mapped to decoys : 0
[2026-05-20 09:41:29.667] [jointLog] [info] Number of fragments discarded because they have only dovetail (discordant) mappings to valid targets : 220
[2026-05-20 09:41:29.668] [jointLog] [warning] Only 1320 fragments were mapped, but the number of burn-in fragments was set to 5000000.
The effective lengths have been computed using the observed mappings.

[2026-05-20 09:41:29.668] [jointLog] [info] Mapping rate = 100%

[2026-05-20 09:41:29.668] [jointLog] [info] finished quantifyLibrary()
[2026-05-20 09:41:29.668] [jointLog] [info] Starting optimizer
[2026-05-20 09:41:29.682] [jointLog] [info] Marked 0 weighted equivalence classes as degenerate
[2026-05-20 09:41:29.683] [jointLog] [info] iteration = 0 | max rel diff. = 71.4106
[2026-05-20 09:41:29.757] [jointLog] [info] iteration = 100 | max rel diff. = 0.0789763
[2026-05-20 09:41:29.785] [jointLog] [info] iteration = 146 | max rel diff. = 0.00770477
[2026-05-20 09:41:29.785] [jointLog] [info] Finished optimizer
[2026-05-20 09:41:29.785] [jointLog] [info] writing output 

[2026-05-20 09:41:29.799] [jointLog] [warning] NOTE: Read Lib [[ raw_data/PattyBouvier_R1.fastq.gz, raw_data/PattyBouvier_R2.fastq.gz]] :

Detected a *potential* strand bias > 1% in an unstranded protocol check the file: salmon_quant/PattyBouvier/lib_format_counts.json for details

[2026-05-20 09:41:29.661] [fileLog] [info] 
At end of round 0
==================
Observed 1320 total fragments (1320 in most recent round)

