[2026-05-20 09:41:21.531] [jointLog] [info] setting maxHashResizeThreads to 4
[2026-05-20 09:41:21.531] [jointLog] [info] Fragment incompatibility prior below threshold.  Incompatible fragments will be ignored.
[2026-05-20 09:41:21.531] [jointLog] [info] Usage of --validateMappings implies use of minScoreFraction. Since not explicitly specified, it is being set to 0.65
[2026-05-20 09:41:21.531] [jointLog] [info] Setting consensusSlack to selective-alignment default of 0.35.
[2026-05-20 09:41:21.531] [jointLog] [info] parsing read library format
[2026-05-20 09:41:21.532] [jointLog] [info] There is 1 library.
[2026-05-20 09:41:21.533] [jointLog] [info] Loading pufferfish index
[2026-05-20 09:41:21.533] [jointLog] [info] Loading dense pufferfish index.
[2026-05-20 09:41:21.594] [jointLog] [info] done
[2026-05-20 09:41:24.165] [jointLog] [info] Index contained 679 targets
[2026-05-20 09:41:24.166] [jointLog] [info] Number of decoys : 0
[2026-05-20 09:41:25.936] [jointLog] [info] Computed 483 rich equivalence classes for further processing
[2026-05-20 09:41:25.936] [jointLog] [info] Counted 1,328 total reads in the equivalence classes 
[2026-05-20 09:41:25.944] [jointLog] [info] Number of mappings discarded because of alignment score : 28
[2026-05-20 09:41:25.944] [jointLog] [info] Number of fragments entirely discarded because of alignment score : 0
[2026-05-20 09:41:25.944] [jointLog] [info] Number of fragments discarded because they are best-mapped to decoys : 0
[2026-05-20 09:41:25.944] [jointLog] [info] Number of fragments discarded because they have only dovetail (discordant) mappings to valid targets : 182
[2026-05-20 09:41:25.944] [jointLog] [warning] Only 1328 fragments were mapped, but the number of burn-in fragments was set to 5000000.
The effective lengths have been computed using the observed mappings.

[2026-05-20 09:41:25.944] [jointLog] [info] Mapping rate = 100%

[2026-05-20 09:41:25.944] [jointLog] [info] finished quantifyLibrary()
[2026-05-20 09:41:25.948] [jointLog] [info] Starting optimizer
[2026-05-20 09:41:25.971] [jointLog] [info] Marked 0 weighted equivalence classes as degenerate
[2026-05-20 09:41:25.972] [jointLog] [info] iteration = 0 | max rel diff. = 75.9035
[2026-05-20 09:41:26.006] [jointLog] [info] iteration = 100 | max rel diff. = 0.00659036
[2026-05-20 09:41:26.006] [jointLog] [info] iteration = 101 | max rel diff. = 0.00659036
[2026-05-20 09:41:26.007] [jointLog] [info] Finished optimizer
[2026-05-20 09:41:26.007] [jointLog] [info] writing output 

[2026-05-20 09:41:26.014] [jointLog] [warning] NOTE: Read Lib [[ raw_data/MargeSimpson_R1.fastq.gz, raw_data/MargeSimpson_R2.fastq.gz]] :

Detected a *potential* strand bias > 1% in an unstranded protocol check the file: salmon_quant/MargeSimpson/lib_format_counts.json for details

[2026-05-20 09:41:25.937] [fileLog] [info] 
At end of round 0
==================
Observed 1328 total fragments (1328 in most recent round)

